  advanced_enemy.cpp
  bullet.cpp
  camera.cpp
  ending.cpp
  enemy.cpp
  fmod_general.cpp
  game_play_level.cpp
  Main.cpp
  level_info.cpp
  main_menu.cpp
  object_manager.cpp
  obstacle.cpp
  particle.cpp
  player.cpp
  splash_screen.cpp
  tile.cpp
  tile_info.cpp
  tile_Manager.cpp
  time_manager.cpp
  tutorial.cpp
  코드를 생성하고 있습니다...
  컴파일하고 있습니다...
  ui.cpp
  upgrade_level.cpp
  코드를 생성하고 있습니다...
WarpEngine_D.lib(WEApplication.obj) : warning LNK4099: 'WarpEngine.pdb' PDB를 'WarpEngine_D.lib(WEApplication.obj)' 또는 'C:\Users\user\Desktop\황찬일\코딩\디지펜\GAM\GAM150_HelloReaper\SOURCE\Debug\WarpEngine.pdb'에서 찾을 수 없습니다. 디버그 정보가 없는 것처럼 개체를 링크합니다.
WarpEngine_D.lib(WEDebugTools.obj) : warning LNK4099: 'WarpEngine.pdb' PDB를 'WarpEngine_D.lib(WEDebugTools.obj)' 또는 'C:\Users\user\Desktop\황찬일\코딩\디지펜\GAM\GAM150_HelloReaper\SOURCE\Debug\WarpEngine.pdb'에서 찾을 수 없습니다. 디버그 정보가 없는 것처럼 개체를 링크합니다.
WarpEngine_D.lib(WEGameTimer.obj) : warning LNK4099: 'WarpEngine.pdb' PDB를 'WarpEngine_D.lib(WEGameTimer.obj)' 또는 'C:\Users\user\Desktop\황찬일\코딩\디지펜\GAM\GAM150_HelloReaper\SOURCE\Debug\WarpEngine.pdb'에서 찾을 수 없습니다. 디버그 정보가 없는 것처럼 개체를 링크합니다.
WarpEngine_D.lib(WEGraphics.obj) : warning LNK4099: '' PDB를 'WarpEngine_D.lib(WEGraphics.obj)' 또는 ''에서 찾을 수 없습니다. 디버그 정보가 없는 것처럼 개체를 링크합니다.
WarpEngine_D.lib(WEInput.obj) : warning LNK4099: 'WarpEngine.pdb' PDB를 'WarpEngine_D.lib(WEInput.obj)' 또는 'C:\Users\user\Desktop\황찬일\코딩\디지펜\GAM\GAM150_HelloReaper\SOURCE\Debug\WarpEngine.pdb'에서 찾을 수 없습니다. 디버그 정보가 없는 것처럼 개체를 링크합니다.
WarpEngine_D.lib(WEMath.obj) : warning LNK4099: 'WarpEngine.pdb' PDB를 'WarpEngine_D.lib(WEMath.obj)' 또는 'C:\Users\user\Desktop\황찬일\코딩\디지펜\GAM\GAM150_HelloReaper\SOURCE\Debug\WarpEngine.pdb'에서 찾을 수 없습니다. 디버그 정보가 없는 것처럼 개체를 링크합니다.
WarpEngine_D.lib(WEMtx44.obj) : warning LNK4099: 'WarpEngine.pdb' PDB를 'WarpEngine_D.lib(WEMtx44.obj)' 또는 'C:\Users\user\Desktop\황찬일\코딩\디지펜\GAM\GAM150_HelloReaper\SOURCE\Debug\WarpEngine.pdb'에서 찾을 수 없습니다. 디버그 정보가 없는 것처럼 개체를 링크합니다.
WarpEngine_D.lib(WERandom.obj) : warning LNK4099: 'WarpEngine.pdb' PDB를 'WarpEngine_D.lib(WERandom.obj)' 또는 'C:\Users\user\Desktop\황찬일\코딩\디지펜\GAM\GAM150_HelloReaper\SOURCE\Debug\WarpEngine.pdb'에서 찾을 수 없습니다. 디버그 정보가 없는 것처럼 개체를 링크합니다.
WarpEngine_D.lib(WEStateManager.obj) : warning LNK4099: 'WarpEngine.pdb' PDB를 'WarpEngine_D.lib(WEStateManager.obj)' 또는 'C:\Users\user\Desktop\황찬일\코딩\디지펜\GAM\GAM150_HelloReaper\SOURCE\Debug\WarpEngine.pdb'에서 찾을 수 없습니다. 디버그 정보가 없는 것처럼 개체를 링크합니다.
WarpEngine_D.lib(WETextureLoading.obj) : warning LNK4099: 'WarpEngine.pdb' PDB를 'WarpEngine_D.lib(WETextureLoading.obj)' 또는 'C:\Users\user\Desktop\황찬일\코딩\디지펜\GAM\GAM150_HelloReaper\SOURCE\Debug\WarpEngine.pdb'에서 찾을 수 없습니다. 디버그 정보가 없는 것처럼 개체를 링크합니다.
  WarpDemo.vcxproj -> C:\Users\user\Desktop\황찬일\코딩\디지펜\GAM\GAM150_HelloReaper\SOURCE\Debug\HelloReaper.exe
